<?xml version="1.0" encoding="UTF-8"?>
<!-- Generated by org.testng.reporters.JUnitReportReporter -->
<testsuite hostname="DESKTOP-N1F9BE9" failures="0" tests="4" name="org.example.Google_Price_Cal_Test" time="39.804" errors="0" timestamp="2023-05-03T19:54:01 IST" skipped="0">
  <testcase classname="org.example.Google_Price_Cal_Test" name="checkInformationInVmClassString" time="18.639"/>
  <system-out/>
  <testcase classname="org.example.Google_Price_Cal_Test" name="check_Data_is_correct" time="0.000"/>
  <system-out/>
  <testcase classname="org.example.Google_Price_Cal_Test" name="check_Data_is_correct" time="0.002"/>
  <system-out/>
  <testcase classname="org.example.Google_Price_Cal_Test" name="checkInformationInVmClassString" time="21.163"/>
  <system-out/>
</testsuite> <!-- org.example.Google_Price_Cal_Test -->
